2025-10-15 12:05:01,486 [INFO] Activator:176 - 


2025-10-15 12:05:01,487 [INFO] Activator:177 - !SESSION log4j initialized
2025-10-15 12:05:03,921 [INFO] LogOutputStream:77 - [STDOUT_REDIRECT] 
2025-10-15 12:05:07,580 [INFO] ApplicationProperties:184 - Using Application install path: C:\Program Files\STM32CubeIDE_1.19.0\STM32CubeIDE\plugins\com.st.stm32cube.common.mx_6.15.0.202507011659
2025-10-15 12:05:07,597 [INFO] DbMcusXml:78 - Set database path to: C:\Program Files\STM32CubeIDE_1.19.0\STM32CubeIDE\plugins\com.st.stm32cube.common.mx_6.15.0.202507011659\\db\/mcu/
2025-10-15 12:05:07,597 [INFO] ApiDb:274 - Set plugin database path to: C:\Program Files\STM32CubeIDE_1.19.0\STM32CubeIDE\plugins\com.st.stm32cube.common.mx_6.15.0.202507011659\\db\/plugins/boardmanager/
2025-10-15 12:05:07,597 [WARN] ApiDb:259 - Overriding images path with different value:  => C:\Program Files\STM32CubeIDE_1.19.0\STM32CubeIDE\plugins\com.st.stm32cube.common.mx_6.15.0.202507011659\\db\/plugins/mcufinder/images/
2025-10-15 12:05:07,605 [INFO] ApiDb:250 - Set database path to: C:\Users\artyo\.stmcufinder\plugins\mcufinder//mcu/
2025-10-15 12:05:07,607 [INFO] DbMcusAds:125 - Set database path to: C:\Users\artyo\.stmcufinder\plugins\mcufinder//mcu/
2025-10-15 12:05:07,609 [INFO] CrossReferenceDbSqlite:203 - Set database path to: C:\Users\artyo\.stmcufinder\plugins\mcufinder//mcu/cs/
2025-10-15 12:05:07,750 [INFO] RulesReader:64 - Compatibility file has been processed (317 Rules)
2025-10-15 12:05:07,863 [INFO] DbMcusXml:78 - Set database path to: C:\Program Files\STM32CubeIDE_1.19.0\STM32CubeIDE\plugins\com.st.stm32cube.common.mx_6.15.0.202507011659\\db\/mcu/
2025-10-15 12:05:07,863 [INFO] ApiDb:274 - Set plugin database path to: C:\Program Files\STM32CubeIDE_1.19.0\STM32CubeIDE\plugins\com.st.stm32cube.common.mx_6.15.0.202507011659\\db\/plugins/boardmanager/
2025-10-15 12:05:07,863 [INFO] ApiDb:261 - Set plugin images path to: C:\Program Files\STM32CubeIDE_1.19.0\STM32CubeIDE\plugins\com.st.stm32cube.common.mx_6.15.0.202507011659\\db\/plugins/mcufinder/images/
2025-10-15 12:05:07,864 [WARN] DbFile:41 - Overriding database path with different value: C:\Users\artyo\.stmcufinder\plugins\mcufinder/ => C:\Users\artyo\.stmcufinder\plugins\mcufinder
2025-10-15 12:05:07,864 [INFO] ApiDb:250 - Set database path to: C:\Users\artyo\.stmcufinder\plugins\mcufinder//mcu/
2025-10-15 12:05:07,864 [WARN] DbFile:41 - Overriding database path with different value: C:\Users\artyo\.stmcufinder\plugins\mcufinder/ => C:\Users\artyo\.stmcufinder\plugins\mcufinder
2025-10-15 12:05:07,864 [INFO] DbMcusAds:125 - Set database path to: C:\Users\artyo\.stmcufinder\plugins\mcufinder//mcu/
2025-10-15 12:05:07,864 [WARN] DbFile:41 - Overriding database path with different value: C:\Users\artyo\.stmcufinder\plugins\mcufinder/ => C:\Users\artyo\.stmcufinder\plugins\mcufinder
2025-10-15 12:05:07,864 [WARN] DbFile:41 - Overriding database path with different value: C:\Users\artyo\.stmcufinder\plugins\mcufinder/ => C:\Users\artyo\.stmcufinder\plugins\mcufinder
2025-10-15 12:05:07,864 [INFO] CrossReferenceDbSqlite:203 - Set database path to: C:\Users\artyo\.stmcufinder\plugins\mcufinder//mcu/cs/
2025-10-15 12:05:07,961 [INFO] MainPanel:274 - HeapMemory: 268435456
2025-10-15 12:05:08,106 [INFO] DbMcusXml:78 - Set database path to: C:\Program Files\STM32CubeIDE_1.19.0\STM32CubeIDE\plugins\com.st.stm32cube.common.mx_6.15.0.202507011659\\db\/mcu/
2025-10-15 12:05:08,106 [INFO] ApiDb:274 - Set plugin database path to: C:\Program Files\STM32CubeIDE_1.19.0\STM32CubeIDE\plugins\com.st.stm32cube.common.mx_6.15.0.202507011659\\db\/plugins/boardmanager/
2025-10-15 12:05:08,106 [INFO] ApiDb:261 - Set plugin images path to: C:\Program Files\STM32CubeIDE_1.19.0\STM32CubeIDE\plugins\com.st.stm32cube.common.mx_6.15.0.202507011659\\db\/plugins/mcufinder/images/
2025-10-15 12:05:08,106 [WARN] DbFile:41 - Overriding database path with different value: C:\Users\artyo\.stmcufinder\plugins\mcufinder/ => C:\Users\artyo\.stmcufinder\plugins\mcufinder
2025-10-15 12:05:08,107 [INFO] ApiDb:250 - Set database path to: C:\Users\artyo\.stmcufinder\plugins\mcufinder//mcu/
2025-10-15 12:05:08,107 [WARN] DbFile:41 - Overriding database path with different value: C:\Users\artyo\.stmcufinder\plugins\mcufinder/ => C:\Users\artyo\.stmcufinder\plugins\mcufinder
2025-10-15 12:05:08,107 [INFO] DbMcusAds:125 - Set database path to: C:\Users\artyo\.stmcufinder\plugins\mcufinder//mcu/
2025-10-15 12:05:08,107 [WARN] DbFile:41 - Overriding database path with different value: C:\Users\artyo\.stmcufinder\plugins\mcufinder/ => C:\Users\artyo\.stmcufinder\plugins\mcufinder
2025-10-15 12:05:08,107 [WARN] DbFile:41 - Overriding database path with different value: C:\Users\artyo\.stmcufinder\plugins\mcufinder/ => C:\Users\artyo\.stmcufinder\plugins\mcufinder
2025-10-15 12:05:08,107 [INFO] CrossReferenceDbSqlite:203 - Set database path to: C:\Users\artyo\.stmcufinder\plugins\mcufinder//mcu/cs/
2025-10-15 12:05:08,127 [INFO] ApplicationProperties:184 - Using Application install path: C:\Program Files\STM32CubeIDE_1.19.0\STM32CubeIDE\plugins\com.st.stm32cube.common.mx_6.15.0.202507011659
2025-10-15 12:05:08,128 [INFO] PluginManage:196 - Search for loadable plugins [exclusion list=, ]
2025-10-15 12:05:08,129 [INFO] PluginManage:310 - Check plugin analytics
2025-10-15 12:05:08,416 [INFO] AnalyticsPlugin:253 - Accepted Software Licenses: 
2025-10-15 12:05:08,417 [INFO] AnalyticsPlugin:255 - Accepted CMSIS Pack Licenses: 
2025-10-15 12:05:08,417 [INFO] AnalyticsPlugin:257 - Accepted Firmware Licenses: FW.F4.1.28.0
2025-10-15 12:05:08,427 [INFO] PluginManage:359 - Loaded plugin analytics (category:tool,tabindex:-1)
2025-10-15 12:05:08,427 [INFO] PluginManage:310 - Check plugin cadmodel
2025-10-15 12:05:08,433 [INFO] CADModel:105 - Init CAD model plugin
2025-10-15 12:05:08,434 [INFO] PluginManage:359 - Loaded plugin cadmodel (category:power,tabindex:5)
2025-10-15 12:05:08,434 [INFO] PluginManage:310 - Check plugin clock
2025-10-15 12:05:08,451 [INFO] PluginManage:359 - Loaded plugin clock (category:base,tabindex:2)
2025-10-15 12:05:08,452 [INFO] PluginManage:310 - Check plugin ddr
2025-10-15 12:05:08,461 [INFO] PluginManage:359 - Loaded plugin ddr (category:tool,tabindex:6)
2025-10-15 12:05:08,461 [INFO] PluginManage:310 - Check plugin filemanager
2025-10-15 12:05:08,684 [INFO] PluginManage:359 - Loaded plugin filemanager (category:base,tabindex:10)
2025-10-15 12:05:08,684 [INFO] PluginManage:310 - Check plugin ipmanager
2025-10-15 12:05:08,694 [INFO] PluginManage:359 - Loaded plugin ipmanager (category:base,tabindex:5)
2025-10-15 12:05:08,694 [INFO] PluginManage:310 - Check plugin lpbam
2025-10-15 12:05:08,705 [INFO] PluginManage:359 - Loaded plugin lpbam (category:base,tabindex:0)
2025-10-15 12:05:08,705 [INFO] PluginManage:310 - Check plugin memorymap
2025-10-15 12:05:08,728 [INFO] PluginManage:359 - Loaded plugin memorymap (category:base,tabindex:4)
2025-10-15 12:05:08,729 [INFO] PluginManage:310 - Check plugin pinoutandconfiguration
2025-10-15 12:05:08,740 [INFO] PluginManage:359 - Loaded plugin pinoutandconfiguration (category:base,tabindex:1)
2025-10-15 12:05:08,740 [INFO] PluginManage:310 - Check plugin pinoutconfig
2025-10-15 12:05:08,837 [WARN] SupportedApi:132 - Cannot load RTOS API schema: s4s-elt-must-match.1: The content of 'definitions' must match (annotation?, (simpleType | complexType)?, (unique | key | keyref)*)). A problem was found starting at: attribute.
2025-10-15 12:05:09,011 [INFO] PluginManage:359 - Loaded plugin pinoutconfig (category:base,tabindex:0)
2025-10-15 12:05:09,011 [INFO] PluginManage:310 - Check plugin power
2025-10-15 12:05:09,021 [INFO] PluginManage:359 - Loaded plugin power (category:power,tabindex:4)
2025-10-15 12:05:09,021 [INFO] PluginManage:310 - Check plugin projectmanager
2025-10-15 12:05:09,038 [INFO] PluginManage:359 - Loaded plugin projectmanager (category:projectmanager,tabindex:4)
2025-10-15 12:05:09,038 [INFO] PluginManage:310 - Check plugin rif
2025-10-15 12:05:09,047 [INFO] PluginManage:359 - Loaded plugin rif (category:base,tabindex:3)
2025-10-15 12:05:09,047 [INFO] PluginManage:310 - Check plugin thirdparty
2025-10-15 12:05:09,195 [INFO] PluginManage:359 - Loaded plugin thirdparty (category:base,tabindex:-1)
2025-10-15 12:05:09,195 [INFO] PluginManage:310 - Check plugin tools
2025-10-15 12:05:09,195 [WARN] IntegrityCheckThread:84 - waiting for thirdparty lock release [integrity check]
2025-10-15 12:05:09,196 [INFO] IntegrityCheckThread:86 - entering critical section [integrity check]
2025-10-15 12:05:09,196 [INFO] ThirdPartyUpdaterWithRetryManager:70 - Updater plugin not ready yet. [1/15]
2025-10-15 12:05:09,198 [INFO] PluginManage:359 - Loaded plugin tools (category:base,tabindex:7)
2025-10-15 12:05:09,198 [INFO] PluginManage:310 - Check plugin tutovideos
2025-10-15 12:05:09,429 [INFO] PluginManage:359 - Loaded plugin tutovideos (category:base,tabindex:-1)
2025-10-15 12:05:09,430 [INFO] PluginManage:310 - Check plugin updater
2025-10-15 12:05:09,450 [INFO] PluginManage:359 - Loaded plugin updater (category:base,tabindex:12)
2025-10-15 12:05:09,450 [INFO] PluginManage:310 - Check plugin userauth
2025-10-15 12:05:09,454 [INFO] UserAuth:118 - Init User Auth plugin
2025-10-15 12:05:09,455 [INFO] PluginManage:359 - Loaded plugin userauth (category:base,tabindex:14)
2025-10-15 12:05:09,456 [INFO] PluginManage:283 - PluginManage : Loaded plugins [18]
2025-10-15 12:05:09,759 [INFO] PinOutPanel:1589 - setPackage(No Configuration,No Configuration)
2025-10-15 12:05:09,881 [INFO] CADModel:165 - CPN selected for project level
2025-10-15 12:05:09,881 [INFO] CADModel:114 - Register for checkConnection events
2025-10-15 12:05:09,894 [INFO] IPUIPlugin:80 - create IPUIPlugin
2025-10-15 12:05:09,894 [INFO] PluginManager:220 - loadIPPluginJar : add adc
2025-10-15 12:05:09,896 [INFO] IPUIPlugin:80 - create IPUIPlugin
2025-10-15 12:05:09,897 [INFO] PluginManager:220 - loadIPPluginJar : add aes
2025-10-15 12:05:09,898 [INFO] IPUIPlugin:80 - create IPUIPlugin
2025-10-15 12:05:09,898 [INFO] PluginManager:220 - loadIPPluginJar : add can
2025-10-15 12:05:09,900 [INFO] IPUIPlugin:80 - create IPUIPlugin
2025-10-15 12:05:09,900 [INFO] PluginManager:220 - loadIPPluginJar : add comp
2025-10-15 12:05:09,902 [INFO] IPUIPlugin:80 - create IPUIPlugin
2025-10-15 12:05:09,902 [INFO] PluginManager:220 - loadIPPluginJar : add cryp
2025-10-15 12:05:09,905 [INFO] IPUIPlugin:80 - create IPUIPlugin
2025-10-15 12:05:09,905 [INFO] PluginManager:220 - loadIPPluginJar : add ddr_ctrl_phy
2025-10-15 12:05:09,907 [INFO] IPUIPlugin:80 - create IPUIPlugin
2025-10-15 12:05:09,907 [INFO] PluginManager:220 - loadIPPluginJar : add dfsdm
2025-10-15 12:05:09,911 [INFO] IPUIPlugin:80 - create IPUIPlugin
2025-10-15 12:05:09,911 [INFO] PluginManager:220 - loadIPPluginJar : add dma
2025-10-15 12:05:09,913 [INFO] IPUIPlugin:80 - create IPUIPlugin
2025-10-15 12:05:09,913 [INFO] PluginManager:220 - loadIPPluginJar : add dma3
2025-10-15 12:05:09,917 [INFO] IPUIPlugin:80 - create IPUIPlugin
2025-10-15 12:05:09,917 [INFO] PluginManager:220 - loadIPPluginJar : add extmemmanager
2025-10-15 12:05:09,921 [INFO] IPUIPlugin:80 - create IPUIPlugin
2025-10-15 12:05:09,921 [INFO] PluginManager:220 - loadIPPluginJar : add fatfs
2025-10-15 12:05:09,926 [INFO] IPUIPlugin:80 - create IPUIPlugin
2025-10-15 12:05:09,927 [INFO] PluginManager:220 - loadIPPluginJar : add fmc
2025-10-15 12:05:09,932 [INFO] IPUIPlugin:80 - create IPUIPlugin
2025-10-15 12:05:09,932 [INFO] PluginManager:220 - loadIPPluginJar : add freertos
2025-10-15 12:05:09,933 [INFO] IPUIPlugin:80 - create IPUIPlugin
2025-10-15 12:05:09,933 [INFO] PluginManager:220 - loadIPPluginJar : add genericplugin
2025-10-15 12:05:09,934 [INFO] IPUIPlugin:80 - create IPUIPlugin
2025-10-15 12:05:09,935 [INFO] PluginManager:220 - loadIPPluginJar : add gfxmmu
2025-10-15 12:05:09,938 [INFO] IPUIPlugin:80 - create IPUIPlugin
2025-10-15 12:05:09,938 [INFO] PluginManager:220 - loadIPPluginJar : add gic
2025-10-15 12:05:09,941 [INFO] IPUIPlugin:80 - create IPUIPlugin
2025-10-15 12:05:09,942 [INFO] PluginManager:220 - loadIPPluginJar : add gpio
2025-10-15 12:05:09,944 [INFO] IPUIPlugin:80 - create IPUIPlugin
2025-10-15 12:05:09,944 [INFO] PluginManager:220 - loadIPPluginJar : add gtzc
2025-10-15 12:05:09,947 [INFO] IPUIPlugin:80 - create IPUIPlugin
2025-10-15 12:05:09,947 [INFO] PluginManager:220 - loadIPPluginJar : add hash
2025-10-15 12:05:09,951 [INFO] IPUIPlugin:80 - create IPUIPlugin
2025-10-15 12:05:09,951 [INFO] PluginManager:220 - loadIPPluginJar : add i2c
2025-10-15 12:05:09,958 [INFO] IPUIPlugin:80 - create IPUIPlugin
2025-10-15 12:05:09,958 [INFO] PluginManager:220 - loadIPPluginJar : add i2s
2025-10-15 12:05:09,961 [INFO] IPUIPlugin:80 - create IPUIPlugin
2025-10-15 12:05:09,961 [INFO] PluginManager:220 - loadIPPluginJar : add i3c
2025-10-15 12:05:09,966 [INFO] IPUIPlugin:80 - create IPUIPlugin
2025-10-15 12:05:09,966 [INFO] PluginManager:220 - loadIPPluginJar : add ipddr
2025-10-15 12:05:09,973 [INFO] IPUIPlugin:80 - create IPUIPlugin
2025-10-15 12:05:09,973 [INFO] PluginManager:220 - loadIPPluginJar : add linkedlist
2025-10-15 12:05:09,978 [INFO] IPUIPlugin:80 - create IPUIPlugin
2025-10-15 12:05:09,978 [INFO] PluginManager:220 - loadIPPluginJar : add lorawan
2025-10-15 12:05:09,979 [INFO] IPUIPlugin:80 - create IPUIPlugin
2025-10-15 12:05:09,979 [INFO] PluginManager:220 - loadIPPluginJar : add ltdc
2025-10-15 12:05:09,988 [INFO] IPUIPlugin:80 - create IPUIPlugin
2025-10-15 12:05:09,988 [INFO] PluginManager:220 - loadIPPluginJar : add mdma
2025-10-15 12:05:09,992 [INFO] IPUIPlugin:80 - create IPUIPlugin
2025-10-15 12:05:09,992 [INFO] PluginManager:220 - loadIPPluginJar : add nvic
2025-10-15 12:05:09,998 [INFO] IPUIPlugin:80 - create IPUIPlugin
2025-10-15 12:05:09,998 [INFO] PluginManager:220 - loadIPPluginJar : add opamp
2025-10-15 12:05:10,002 [INFO] IPUIPlugin:80 - create IPUIPlugin
2025-10-15 12:05:10,002 [INFO] PluginManager:220 - loadIPPluginJar : add openamp
2025-10-15 12:05:10,005 [INFO] IPUIPlugin:80 - create IPUIPlugin
2025-10-15 12:05:10,005 [INFO] PluginManager:220 - loadIPPluginJar : add pdm2pcm
2025-10-15 12:05:10,015 [INFO] IPUIPlugin:80 - create IPUIPlugin
2025-10-15 12:05:10,018 [INFO] PluginManager:220 - loadIPPluginJar : add plateformsettings
2025-10-15 12:05:10,022 [INFO] IPUIPlugin:80 - create IPUIPlugin
2025-10-15 12:05:10,022 [INFO] PluginManager:220 - loadIPPluginJar : add quadspi
2025-10-15 12:05:10,023 [INFO] IPUIPlugin:80 - create IPUIPlugin
2025-10-15 12:05:10,024 [INFO] PluginManager:220 - loadIPPluginJar : add radio
2025-10-15 12:05:10,027 [INFO] IPUIPlugin:80 - create IPUIPlugin
2025-10-15 12:05:10,027 [INFO] PluginManager:220 - loadIPPluginJar : add resmgrutility
2025-10-15 12:05:10,031 [INFO] IPUIPlugin:80 - create IPUIPlugin
2025-10-15 12:05:10,031 [INFO] PluginManager:220 - loadIPPluginJar : add sai
2025-10-15 12:05:10,035 [INFO] IPUIPlugin:80 - create IPUIPlugin
2025-10-15 12:05:10,035 [INFO] PluginManager:220 - loadIPPluginJar : add spi
2025-10-15 12:05:10,042 [INFO] IPUIPlugin:80 - create IPUIPlugin
2025-10-15 12:05:10,042 [INFO] PluginManager:220 - loadIPPluginJar : add stm32_wpan
2025-10-15 12:05:10,044 [INFO] IPUIPlugin:80 - create IPUIPlugin
2025-10-15 12:05:10,044 [INFO] PluginManager:220 - loadIPPluginJar : add tim
2025-10-15 12:05:10,048 [INFO] IPUIPlugin:80 - create IPUIPlugin
2025-10-15 12:05:10,048 [INFO] PluginManager:220 - loadIPPluginJar : add touchsensing
2025-10-15 12:05:10,050 [INFO] IPUIPlugin:80 - create IPUIPlugin
2025-10-15 12:05:10,050 [INFO] PluginManager:220 - loadIPPluginJar : add tracer_emb
2025-10-15 12:05:10,052 [INFO] IPUIPlugin:80 - create IPUIPlugin
2025-10-15 12:05:10,053 [INFO] PluginManager:220 - loadIPPluginJar : add ts
2025-10-15 12:05:10,055 [INFO] IPUIPlugin:80 - create IPUIPlugin
2025-10-15 12:05:10,055 [INFO] PluginManager:220 - loadIPPluginJar : add tsc
2025-10-15 12:05:10,056 [INFO] IPUIPlugin:80 - create IPUIPlugin
2025-10-15 12:05:10,058 [INFO] PluginManager:220 - loadIPPluginJar : add ucpd
2025-10-15 12:05:10,060 [INFO] IPUIPlugin:80 - create IPUIPlugin
2025-10-15 12:05:10,060 [INFO] PluginManager:220 - loadIPPluginJar : add usart
2025-10-15 12:05:10,063 [INFO] IPUIPlugin:80 - create IPUIPlugin
2025-10-15 12:05:10,063 [INFO] PluginManager:220 - loadIPPluginJar : add usbx
2025-10-15 12:05:10,207 [FATAL] Updater:351 - Updater called before beeing initialized
2025-10-15 12:05:10,227 [INFO] RulesReader:64 - Compatibility file has been processed (317 Rules)
2025-10-15 12:05:10,240 [INFO] RulesReader:64 - Compatibility file has been processed (317 Rules)
2025-10-15 12:05:10,252 [INFO] CADModel:165 - CPN selected for project level
2025-10-15 12:05:10,252 [INFO] CADModel:114 - Register for checkConnection events
2025-10-15 12:05:10,253 [FATAL] Updater:351 - Updater called before beeing initialized
2025-10-15 12:05:10,253 [ERROR] CADModel:125 - Updater not yet initialized, retry later 
2025-10-15 12:05:10,450 [FATAL] Updater:351 - Updater called before beeing initialized
2025-10-15 12:05:10,452 [INFO] CADModel:165 - CPN selected for project level
2025-10-15 12:05:10,452 [INFO] CADModel:114 - Register for checkConnection events
2025-10-15 12:05:10,452 [FATAL] Updater:351 - Updater called before beeing initialized
2025-10-15 12:05:10,452 [ERROR] CADModel:125 - Updater not yet initialized, retry later 
2025-10-15 12:05:10,455 [FATAL] Updater:351 - Updater called before beeing initialized
2025-10-15 12:05:10,587 [FATAL] Updater:351 - Updater called before beeing initialized
2025-10-15 12:05:10,592 [INFO] DbMcusAds:53 - JSON generation date=Thu Sep 30 09:55:09 MSK 2021 (1632984909247)
2025-10-15 12:05:10,592 [FATAL] Updater:351 - Updater called before beeing initialized
2025-10-15 12:05:10,629 [WARN] DetailPanel:346 - Failed to get advertising image, set to default
2025-10-15 12:05:10,747 [FATAL] Updater:351 - Updater called before beeing initialized
2025-10-15 12:05:10,749 [FATAL] Updater:351 - Updater called before beeing initialized
2025-10-15 12:05:10,750 [FATAL] Updater:351 - Updater called before beeing initialized
2025-10-15 12:05:10,750 [WARN] DetailPanel:346 - Failed to get advertising image, set to default
2025-10-15 12:05:10,750 [FATAL] Updater:351 - Updater called before beeing initialized
2025-10-15 12:05:10,805 [ERROR] Updater:1198 - MainUpdater not yet initialized. External WinMGr cannot be set.
2025-10-15 12:05:10,807 [INFO] Updater:1134 - Updater Version found : 6.15.0
2025-10-15 12:05:10,830 [INFO] ApplicationProperties:184 - Using Application install path: C:\Program Files\STM32CubeIDE_1.19.0\STM32CubeIDE\plugins\com.st.stm32cube.common.mx_6.15.0.202507011659
2025-10-15 12:05:12,199 [INFO] ThirdPartyUpdaterWithRetryManager:70 - Updater plugin not ready yet. [2/15]
2025-10-15 12:05:12,403 [ERROR] LogOutputStream:75 - [STDERR_REDIRECT] Oct 15, 2025 12:05:12 PM java.util.prefs.WindowsPreferences <init>
2025-10-15 12:05:12,404 [ERROR] LogOutputStream:75 - [STDERR_REDIRECT] WARNING: Could not open/create prefs root node Software\JavaSoft\Prefs at root 0xffffffff80000002. Windows RegCreateKeyEx(...) returned error code 5.
2025-10-15 12:05:12,404 [ERROR] LogOutputStream:75 - [STDERR_REDIRECT] 
2025-10-15 12:05:13,028 [ERROR] CheckConnectionManager:249 - Problem, Http access forbiden
2025-10-15 12:05:13,033 [INFO] MainUpdater:2872 - connection check result : 22
2025-10-15 12:05:13,033 [INFO] MainUpdater:289 - Updater Check For Update Now.
2025-10-15 12:05:13,034 [INFO] MicroXplorer:498 - Change Database Version : DB.6.0.150
2025-10-15 12:05:13,039 [INFO] McuFinderGlobals:63 - Set McuFinder mode to 2 (CubeIDE integrated)
2025-10-15 12:05:13,040 [INFO] UserAuth:171 - activating auth plugin
2025-10-15 12:05:13,043 [INFO] UserAuth:487 - Internet connection configuration mode: 2
2025-10-15 12:05:13,070 [INFO] UserAuth:487 - Internet connection configuration mode: 2
2025-10-15 12:05:13,284 [INFO] CheckServerUpdateThread:120 - End of CheckServer Thread
2025-10-15 12:05:14,446 [ERROR] LogOutputStream:75 - [STDERR_REDIRECT] [Fatal Error] :1:1: Premature end of file.
2025-10-15 12:05:14,446 [ERROR] LogOutputStream:75 - [STDERR_REDIRECT] 
2025-10-15 12:05:15,268 [ERROR] LogOutputStream:75 - [STDERR_REDIRECT] [Fatal Error] :1:1: Premature end of file.
2025-10-15 12:05:15,270 [ERROR] LogOutputStream:75 - [STDERR_REDIRECT] 
2025-10-15 12:05:15,353 [INFO] ThirdParty:978 - Integrity check success = true
2025-10-15 12:05:15,353 [INFO] IntegrityCheckThread:100 - exiting critical section [integrity check]
2025-10-15 12:05:15,353 [INFO] IntegrityCheckThread:103 - End integrity checks thread
2025-10-15 12:05:16,252 [ERROR] LogOutputStream:75 - [STDERR_REDIRECT] [Fatal Error] :1:1: Premature end of file.
2025-10-15 12:05:16,252 [ERROR] LogOutputStream:75 - [STDERR_REDIRECT] 
2025-10-15 12:05:17,262 [ERROR] LogOutputStream:75 - [STDERR_REDIRECT] [Fatal Error] :1:1: Premature end of file.
2025-10-15 12:05:17,265 [ERROR] LogOutputStream:75 - [STDERR_REDIRECT] 
2025-10-15 12:05:18,233 [ERROR] LogOutputStream:75 - [STDERR_REDIRECT] [Fatal Error] :1:1: Premature end of file.
2025-10-15 12:05:18,233 [ERROR] LogOutputStream:75 - [STDERR_REDIRECT] 
2025-10-15 12:05:19,242 [ERROR] LogOutputStream:75 - [STDERR_REDIRECT] [Fatal Error] :1:1: Premature end of file.
2025-10-15 12:05:19,242 [ERROR] LogOutputStream:75 - [STDERR_REDIRECT] 
2025-10-15 12:05:20,247 [ERROR] LogOutputStream:75 - [STDERR_REDIRECT] [Fatal Error] :1:1: Premature end of file.
2025-10-15 12:05:20,248 [ERROR] LogOutputStream:75 - [STDERR_REDIRECT] 
2025-10-15 12:05:21,234 [ERROR] LogOutputStream:75 - [STDERR_REDIRECT] [Fatal Error] :1:1: Premature end of file.
2025-10-15 12:05:21,234 [ERROR] LogOutputStream:75 - [STDERR_REDIRECT] 
2025-10-15 12:05:22,249 [ERROR] LogOutputStream:75 - [STDERR_REDIRECT] [Fatal Error] :1:1: Premature end of file.
2025-10-15 12:05:22,250 [ERROR] LogOutputStream:75 - [STDERR_REDIRECT] 
2025-10-15 12:05:23,239 [ERROR] LogOutputStream:75 - [STDERR_REDIRECT] [Fatal Error] :1:1: Premature end of file.
2025-10-15 12:05:23,251 [ERROR] LogOutputStream:75 - [STDERR_REDIRECT] 
2025-10-15 12:05:24,243 [ERROR] LogOutputStream:75 - [STDERR_REDIRECT] [Fatal Error] :1:1: Premature end of file.
2025-10-15 12:05:24,243 [ERROR] LogOutputStream:75 - [STDERR_REDIRECT] 
2025-10-15 12:05:25,270 [ERROR] LogOutputStream:75 - [STDERR_REDIRECT] [Fatal Error] :1:1: Premature end of file.
2025-10-15 12:05:25,271 [ERROR] LogOutputStream:75 - [STDERR_REDIRECT] 
2025-10-15 12:05:26,232 [ERROR] LogOutputStream:75 - [STDERR_REDIRECT] [Fatal Error] :1:1: Premature end of file.
2025-10-15 12:05:26,233 [ERROR] LogOutputStream:75 - [STDERR_REDIRECT] 
2025-10-15 12:05:27,229 [ERROR] LogOutputStream:75 - [STDERR_REDIRECT] [Fatal Error] :1:1: Premature end of file.
2025-10-15 12:05:27,229 [ERROR] LogOutputStream:75 - [STDERR_REDIRECT] 
2025-10-15 12:05:28,252 [ERROR] LogOutputStream:75 - [STDERR_REDIRECT] [Fatal Error] :1:1: Premature end of file.
2025-10-15 12:05:28,252 [ERROR] LogOutputStream:75 - [STDERR_REDIRECT] 
2025-10-15 12:05:29,269 [ERROR] LogOutputStream:75 - [STDERR_REDIRECT] [Fatal Error] :1:1: Premature end of file.
2025-10-15 12:05:29,270 [ERROR] LogOutputStream:75 - [STDERR_REDIRECT] 
2025-10-15 12:05:30,232 [ERROR] LogOutputStream:75 - [STDERR_REDIRECT] [Fatal Error] :1:1: Premature end of file.
2025-10-15 12:05:30,232 [ERROR] LogOutputStream:75 - [STDERR_REDIRECT] 
2025-10-15 12:05:31,234 [ERROR] LogOutputStream:75 - [STDERR_REDIRECT] [Fatal Error] :1:1: Premature end of file.
2025-10-15 12:05:31,234 [ERROR] LogOutputStream:75 - [STDERR_REDIRECT] 
2025-10-15 12:05:32,222 [ERROR] LogOutputStream:75 - [STDERR_REDIRECT] [Fatal Error] :1:1: Premature end of file.
2025-10-15 12:05:32,222 [ERROR] LogOutputStream:75 - [STDERR_REDIRECT] 
2025-10-15 12:05:33,232 [ERROR] LogOutputStream:75 - [STDERR_REDIRECT] [Fatal Error] :1:1: Premature end of file.
2025-10-15 12:05:33,234 [ERROR] LogOutputStream:75 - [STDERR_REDIRECT] 
2025-10-15 12:05:34,234 [ERROR] LogOutputStream:75 - [STDERR_REDIRECT] [Fatal Error] :1:1: Premature end of file.
2025-10-15 12:05:34,234 [ERROR] LogOutputStream:75 - [STDERR_REDIRECT] 
2025-10-15 12:05:35,230 [ERROR] LogOutputStream:75 - [STDERR_REDIRECT] [Fatal Error] :1:1: Premature end of file.
2025-10-15 12:05:35,230 [ERROR] LogOutputStream:75 - [STDERR_REDIRECT] 
2025-10-15 12:05:36,236 [ERROR] LogOutputStream:75 - [STDERR_REDIRECT] [Fatal Error] :1:1: Premature end of file.
2025-10-15 12:05:36,237 [ERROR] LogOutputStream:75 - [STDERR_REDIRECT] 
2025-10-15 12:05:37,250 [ERROR] LogOutputStream:75 - [STDERR_REDIRECT] [Fatal Error] :1:1: Premature end of file.
2025-10-15 12:05:37,250 [ERROR] LogOutputStream:75 - [STDERR_REDIRECT] 
2025-10-15 12:05:38,230 [ERROR] LogOutputStream:75 - [STDERR_REDIRECT] [Fatal Error] :1:1: Premature end of file.
2025-10-15 12:05:38,250 [ERROR] LogOutputStream:75 - [STDERR_REDIRECT] 
2025-10-15 12:05:39,239 [ERROR] LogOutputStream:75 - [STDERR_REDIRECT] [Fatal Error] :1:1: Premature end of file.
2025-10-15 12:05:39,240 [ERROR] LogOutputStream:75 - [STDERR_REDIRECT] 
2025-10-15 12:05:40,231 [ERROR] LogOutputStream:75 - [STDERR_REDIRECT] [Fatal Error] :1:1: Premature end of file.
2025-10-15 12:05:40,231 [ERROR] LogOutputStream:75 - [STDERR_REDIRECT] 
2025-10-15 12:05:41,244 [ERROR] LogOutputStream:75 - [STDERR_REDIRECT] [Fatal Error] :1:1: Premature end of file.
2025-10-15 12:05:41,244 [ERROR] LogOutputStream:75 - [STDERR_REDIRECT] 
2025-10-15 12:05:42,239 [ERROR] LogOutputStream:75 - [STDERR_REDIRECT] [Fatal Error] :1:1: Premature end of file.
2025-10-15 12:05:42,240 [ERROR] LogOutputStream:75 - [STDERR_REDIRECT] 
2025-10-15 12:05:43,249 [ERROR] LogOutputStream:75 - [STDERR_REDIRECT] [Fatal Error] :1:1: Premature end of file.
2025-10-15 12:05:43,249 [ERROR] LogOutputStream:75 - [STDERR_REDIRECT] 
2025-10-15 12:05:44,242 [ERROR] LogOutputStream:75 - [STDERR_REDIRECT] [Fatal Error] :1:1: Premature end of file.
2025-10-15 12:05:44,242 [ERROR] LogOutputStream:75 - [STDERR_REDIRECT] 
2025-10-15 12:05:45,243 [ERROR] LogOutputStream:75 - [STDERR_REDIRECT] [Fatal Error] :1:1: Premature end of file.
2025-10-15 12:05:45,244 [ERROR] LogOutputStream:75 - [STDERR_REDIRECT] 
2025-10-15 12:05:46,235 [ERROR] LogOutputStream:75 - [STDERR_REDIRECT] [Fatal Error] :1:1: Premature end of file.
2025-10-15 12:05:46,235 [ERROR] LogOutputStream:75 - [STDERR_REDIRECT] 
2025-10-15 12:05:47,236 [ERROR] LogOutputStream:75 - [STDERR_REDIRECT] [Fatal Error] :1:1: Premature end of file.
2025-10-15 12:05:47,237 [ERROR] LogOutputStream:75 - [STDERR_REDIRECT] 
2025-10-15 12:05:48,234 [ERROR] LogOutputStream:75 - [STDERR_REDIRECT] [Fatal Error] :1:1: Premature end of file.
2025-10-15 12:05:48,234 [ERROR] LogOutputStream:75 - [STDERR_REDIRECT] 
2025-10-15 12:05:49,240 [ERROR] LogOutputStream:75 - [STDERR_REDIRECT] [Fatal Error] :1:1: Premature end of file.
2025-10-15 12:05:49,240 [ERROR] LogOutputStream:75 - [STDERR_REDIRECT] 
2025-10-15 12:05:50,245 [ERROR] LogOutputStream:75 - [STDERR_REDIRECT] [Fatal Error] :1:1: Premature end of file.
2025-10-15 12:05:50,246 [ERROR] LogOutputStream:75 - [STDERR_REDIRECT] 
2025-10-15 12:05:51,238 [ERROR] LogOutputStream:75 - [STDERR_REDIRECT] [Fatal Error] :1:1: Premature end of file.
2025-10-15 12:05:51,239 [ERROR] LogOutputStream:75 - [STDERR_REDIRECT] 
2025-10-15 12:05:52,235 [ERROR] LogOutputStream:75 - [STDERR_REDIRECT] [Fatal Error] :1:1: Premature end of file.
2025-10-15 12:05:52,235 [ERROR] LogOutputStream:75 - [STDERR_REDIRECT] 
2025-10-15 12:05:53,243 [ERROR] LogOutputStream:75 - [STDERR_REDIRECT] [Fatal Error] :1:1: Premature end of file.
2025-10-15 12:05:53,245 [ERROR] LogOutputStream:75 - [STDERR_REDIRECT] 
2025-10-15 12:05:54,234 [ERROR] LogOutputStream:75 - [STDERR_REDIRECT] [Fatal Error] :1:1: Premature end of file.
2025-10-15 12:05:54,234 [ERROR] LogOutputStream:75 - [STDERR_REDIRECT] 
2025-10-15 12:05:55,229 [ERROR] LogOutputStream:75 - [STDERR_REDIRECT] [Fatal Error] :1:1: Premature end of file.
2025-10-15 12:05:55,230 [ERROR] LogOutputStream:75 - [STDERR_REDIRECT] 
2025-10-15 12:05:56,269 [ERROR] LogOutputStream:75 - [STDERR_REDIRECT] [Fatal Error] :1:1: Premature end of file.
2025-10-15 12:05:56,270 [ERROR] LogOutputStream:75 - [STDERR_REDIRECT] 
2025-10-15 12:05:57,245 [ERROR] LogOutputStream:75 - [STDERR_REDIRECT] [Fatal Error] :1:1: Premature end of file.
2025-10-15 12:05:57,246 [ERROR] LogOutputStream:75 - [STDERR_REDIRECT] 
2025-10-15 12:05:58,234 [ERROR] LogOutputStream:75 - [STDERR_REDIRECT] [Fatal Error] :1:1: Premature end of file.
2025-10-15 12:05:58,235 [ERROR] LogOutputStream:75 - [STDERR_REDIRECT] 
2025-10-15 12:05:59,272 [ERROR] LogOutputStream:75 - [STDERR_REDIRECT] [Fatal Error] :1:1: Premature end of file.
2025-10-15 12:05:59,272 [ERROR] LogOutputStream:75 - [STDERR_REDIRECT] 
2025-10-15 12:06:00,239 [ERROR] LogOutputStream:75 - [STDERR_REDIRECT] [Fatal Error] :1:1: Premature end of file.
2025-10-15 12:06:00,240 [ERROR] LogOutputStream:75 - [STDERR_REDIRECT] 
2025-10-15 12:06:01,245 [ERROR] LogOutputStream:75 - [STDERR_REDIRECT] [Fatal Error] :1:1: Premature end of file.
2025-10-15 12:06:01,246 [ERROR] LogOutputStream:75 - [STDERR_REDIRECT] 
2025-10-15 12:06:02,235 [ERROR] LogOutputStream:75 - [STDERR_REDIRECT] [Fatal Error] :1:1: Premature end of file.
2025-10-15 12:06:02,235 [ERROR] LogOutputStream:75 - [STDERR_REDIRECT] 
2025-10-15 12:06:03,256 [ERROR] LogOutputStream:75 - [STDERR_REDIRECT] [Fatal Error] :1:1: Premature end of file.
2025-10-15 12:06:03,256 [ERROR] LogOutputStream:75 - [STDERR_REDIRECT] 
2025-10-15 12:06:04,249 [ERROR] LogOutputStream:75 - [STDERR_REDIRECT] [Fatal Error] :1:1: Premature end of file.
2025-10-15 12:06:04,250 [ERROR] LogOutputStream:75 - [STDERR_REDIRECT] 
2025-10-15 12:06:05,251 [ERROR] LogOutputStream:75 - [STDERR_REDIRECT] [Fatal Error] :1:1: Premature end of file.
2025-10-15 12:06:05,253 [ERROR] LogOutputStream:75 - [STDERR_REDIRECT] 
2025-10-15 12:06:06,238 [ERROR] LogOutputStream:75 - [STDERR_REDIRECT] [Fatal Error] :1:1: Premature end of file.
2025-10-15 12:06:06,238 [ERROR] LogOutputStream:75 - [STDERR_REDIRECT] 
2025-10-15 12:06:07,246 [ERROR] LogOutputStream:75 - [STDERR_REDIRECT] [Fatal Error] :1:1: Premature end of file.
2025-10-15 12:06:07,248 [ERROR] LogOutputStream:75 - [STDERR_REDIRECT] 
2025-10-15 12:06:08,237 [ERROR] LogOutputStream:75 - [STDERR_REDIRECT] [Fatal Error] :1:1: Premature end of file.
2025-10-15 12:06:08,237 [ERROR] LogOutputStream:75 - [STDERR_REDIRECT] 
2025-10-15 12:06:09,259 [ERROR] LogOutputStream:75 - [STDERR_REDIRECT] [Fatal Error] :1:1: Premature end of file.
2025-10-15 12:06:09,259 [ERROR] LogOutputStream:75 - [STDERR_REDIRECT] 
2025-10-15 12:06:10,255 [ERROR] LogOutputStream:75 - [STDERR_REDIRECT] [Fatal Error] :1:1: Premature end of file.
2025-10-15 12:06:10,257 [ERROR] LogOutputStream:75 - [STDERR_REDIRECT] 
2025-10-15 12:06:11,240 [ERROR] LogOutputStream:75 - [STDERR_REDIRECT] [Fatal Error] :1:1: Premature end of file.
2025-10-15 12:06:11,240 [ERROR] LogOutputStream:75 - [STDERR_REDIRECT] 
2025-10-15 12:06:12,255 [ERROR] LogOutputStream:75 - [STDERR_REDIRECT] [Fatal Error] :1:1: Premature end of file.
2025-10-15 12:06:12,255 [ERROR] LogOutputStream:75 - [STDERR_REDIRECT] 
2025-10-15 12:06:13,238 [ERROR] LogOutputStream:75 - [STDERR_REDIRECT] [Fatal Error] :1:1: Premature end of file.
2025-10-15 12:06:13,238 [ERROR] LogOutputStream:75 - [STDERR_REDIRECT] 
2025-10-15 12:06:14,244 [ERROR] LogOutputStream:75 - [STDERR_REDIRECT] [Fatal Error] :1:1: Premature end of file.
2025-10-15 12:06:14,245 [ERROR] LogOutputStream:75 - [STDERR_REDIRECT] 
2025-10-15 12:06:15,240 [ERROR] LogOutputStream:75 - [STDERR_REDIRECT] [Fatal Error] :1:1: Premature end of file.
2025-10-15 12:06:15,240 [ERROR] LogOutputStream:75 - [STDERR_REDIRECT] 
2025-10-15 12:06:16,227 [ERROR] LogOutputStream:75 - [STDERR_REDIRECT] [Fatal Error] :1:1: Premature end of file.
2025-10-15 12:06:16,227 [ERROR] LogOutputStream:75 - [STDERR_REDIRECT] 
2025-10-15 12:06:17,231 [ERROR] LogOutputStream:75 - [STDERR_REDIRECT] [Fatal Error] :1:1: Premature end of file.
2025-10-15 12:06:17,231 [ERROR] LogOutputStream:75 - [STDERR_REDIRECT] 
2025-10-15 12:06:18,244 [ERROR] LogOutputStream:75 - [STDERR_REDIRECT] [Fatal Error] :1:1: Premature end of file.
2025-10-15 12:06:18,244 [ERROR] LogOutputStream:75 - [STDERR_REDIRECT] 
2025-10-15 12:06:19,237 [ERROR] LogOutputStream:75 - [STDERR_REDIRECT] [Fatal Error] :1:1: Premature end of file.
2025-10-15 12:06:19,238 [ERROR] LogOutputStream:75 - [STDERR_REDIRECT] 
2025-10-15 12:06:20,242 [ERROR] LogOutputStream:75 - [STDERR_REDIRECT] [Fatal Error] :1:1: Premature end of file.
2025-10-15 12:06:20,243 [ERROR] LogOutputStream:75 - [STDERR_REDIRECT] 
2025-10-15 12:06:21,241 [ERROR] LogOutputStream:75 - [STDERR_REDIRECT] [Fatal Error] :1:1: Premature end of file.
2025-10-15 12:06:21,241 [ERROR] LogOutputStream:75 - [STDERR_REDIRECT] 
2025-10-15 12:06:22,233 [ERROR] LogOutputStream:75 - [STDERR_REDIRECT] [Fatal Error] :1:1: Premature end of file.
2025-10-15 12:06:22,233 [ERROR] LogOutputStream:75 - [STDERR_REDIRECT] 
2025-10-15 12:06:23,230 [ERROR] LogOutputStream:75 - [STDERR_REDIRECT] [Fatal Error] :1:1: Premature end of file.
2025-10-15 12:06:23,232 [ERROR] LogOutputStream:75 - [STDERR_REDIRECT] 
2025-10-15 12:06:24,237 [ERROR] LogOutputStream:75 - [STDERR_REDIRECT] [Fatal Error] :1:1: Premature end of file.
2025-10-15 12:06:24,239 [ERROR] LogOutputStream:75 - [STDERR_REDIRECT] 
2025-10-15 12:07:18,366 [INFO] Activator:176 - 


2025-10-15 12:07:18,368 [INFO] Activator:177 - !SESSION log4j initialized
2025-10-15 12:07:21,155 [INFO] LogOutputStream:77 - [STDOUT_REDIRECT] 
2025-10-15 12:07:23,823 [INFO] ApplicationProperties:184 - Using Application install path: C:\Program Files\STM32CubeIDE_1.19.0\STM32CubeIDE\plugins\com.st.stm32cube.common.mx_6.15.0.202507011659
2025-10-15 12:07:23,836 [INFO] DbMcusXml:78 - Set database path to: C:\Program Files\STM32CubeIDE_1.19.0\STM32CubeIDE\plugins\com.st.stm32cube.common.mx_6.15.0.202507011659\\db\/mcu/
2025-10-15 12:07:23,836 [INFO] ApiDb:274 - Set plugin database path to: C:\Program Files\STM32CubeIDE_1.19.0\STM32CubeIDE\plugins\com.st.stm32cube.common.mx_6.15.0.202507011659\\db\/plugins/boardmanager/
2025-10-15 12:07:23,836 [WARN] ApiDb:259 - Overriding images path with different value:  => C:\Program Files\STM32CubeIDE_1.19.0\STM32CubeIDE\plugins\com.st.stm32cube.common.mx_6.15.0.202507011659\\db\/plugins/mcufinder/images/
2025-10-15 12:07:23,840 [INFO] ApiDb:250 - Set database path to: C:\Users\artyo\.stmcufinder\plugins\mcufinder//mcu/
2025-10-15 12:07:23,840 [INFO] DbMcusAds:125 - Set database path to: C:\Users\artyo\.stmcufinder\plugins\mcufinder//mcu/
2025-10-15 12:07:23,842 [INFO] CrossReferenceDbSqlite:203 - Set database path to: C:\Users\artyo\.stmcufinder\plugins\mcufinder//mcu/cs/
2025-10-15 12:07:23,936 [INFO] RulesReader:64 - Compatibility file has been processed (317 Rules)
2025-10-15 12:07:24,066 [INFO] DbMcusXml:78 - Set database path to: C:\Program Files\STM32CubeIDE_1.19.0\STM32CubeIDE\plugins\com.st.stm32cube.common.mx_6.15.0.202507011659\\db\/mcu/
2025-10-15 12:07:24,066 [INFO] ApiDb:274 - Set plugin database path to: C:\Program Files\STM32CubeIDE_1.19.0\STM32CubeIDE\plugins\com.st.stm32cube.common.mx_6.15.0.202507011659\\db\/plugins/boardmanager/
2025-10-15 12:07:24,066 [INFO] ApiDb:261 - Set plugin images path to: C:\Program Files\STM32CubeIDE_1.19.0\STM32CubeIDE\plugins\com.st.stm32cube.common.mx_6.15.0.202507011659\\db\/plugins/mcufinder/images/
2025-10-15 12:07:24,067 [WARN] DbFile:41 - Overriding database path with different value: C:\Users\artyo\.stmcufinder\plugins\mcufinder/ => C:\Users\artyo\.stmcufinder\plugins\mcufinder
2025-10-15 12:07:24,067 [INFO] ApiDb:250 - Set database path to: C:\Users\artyo\.stmcufinder\plugins\mcufinder//mcu/
2025-10-15 12:07:24,067 [WARN] DbFile:41 - Overriding database path with different value: C:\Users\artyo\.stmcufinder\plugins\mcufinder/ => C:\Users\artyo\.stmcufinder\plugins\mcufinder
2025-10-15 12:07:24,067 [INFO] DbMcusAds:125 - Set database path to: C:\Users\artyo\.stmcufinder\plugins\mcufinder//mcu/
2025-10-15 12:07:24,067 [WARN] DbFile:41 - Overriding database path with different value: C:\Users\artyo\.stmcufinder\plugins\mcufinder/ => C:\Users\artyo\.stmcufinder\plugins\mcufinder
2025-10-15 12:07:24,067 [WARN] DbFile:41 - Overriding database path with different value: C:\Users\artyo\.stmcufinder\plugins\mcufinder/ => C:\Users\artyo\.stmcufinder\plugins\mcufinder
2025-10-15 12:07:24,067 [INFO] CrossReferenceDbSqlite:203 - Set database path to: C:\Users\artyo\.stmcufinder\plugins\mcufinder//mcu/cs/
2025-10-15 12:07:24,128 [INFO] MainPanel:274 - HeapMemory: 268435456
2025-10-15 12:07:24,186 [INFO] DbMcusXml:78 - Set database path to: C:\Program Files\STM32CubeIDE_1.19.0\STM32CubeIDE\plugins\com.st.stm32cube.common.mx_6.15.0.202507011659\\db\/mcu/
2025-10-15 12:07:24,186 [INFO] ApiDb:274 - Set plugin database path to: C:\Program Files\STM32CubeIDE_1.19.0\STM32CubeIDE\plugins\com.st.stm32cube.common.mx_6.15.0.202507011659\\db\/plugins/boardmanager/
2025-10-15 12:07:24,186 [INFO] ApiDb:261 - Set plugin images path to: C:\Program Files\STM32CubeIDE_1.19.0\STM32CubeIDE\plugins\com.st.stm32cube.common.mx_6.15.0.202507011659\\db\/plugins/mcufinder/images/
2025-10-15 12:07:24,186 [WARN] DbFile:41 - Overriding database path with different value: C:\Users\artyo\.stmcufinder\plugins\mcufinder/ => C:\Users\artyo\.stmcufinder\plugins\mcufinder
2025-10-15 12:07:24,187 [INFO] ApiDb:250 - Set database path to: C:\Users\artyo\.stmcufinder\plugins\mcufinder//mcu/
2025-10-15 12:07:24,187 [WARN] DbFile:41 - Overriding database path with different value: C:\Users\artyo\.stmcufinder\plugins\mcufinder/ => C:\Users\artyo\.stmcufinder\plugins\mcufinder
2025-10-15 12:07:24,187 [INFO] DbMcusAds:125 - Set database path to: C:\Users\artyo\.stmcufinder\plugins\mcufinder//mcu/
2025-10-15 12:07:24,187 [WARN] DbFile:41 - Overriding database path with different value: C:\Users\artyo\.stmcufinder\plugins\mcufinder/ => C:\Users\artyo\.stmcufinder\plugins\mcufinder
2025-10-15 12:07:24,187 [WARN] DbFile:41 - Overriding database path with different value: C:\Users\artyo\.stmcufinder\plugins\mcufinder/ => C:\Users\artyo\.stmcufinder\plugins\mcufinder
2025-10-15 12:07:24,187 [INFO] CrossReferenceDbSqlite:203 - Set database path to: C:\Users\artyo\.stmcufinder\plugins\mcufinder//mcu/cs/
2025-10-15 12:07:24,201 [INFO] ApplicationProperties:184 - Using Application install path: C:\Program Files\STM32CubeIDE_1.19.0\STM32CubeIDE\plugins\com.st.stm32cube.common.mx_6.15.0.202507011659
2025-10-15 12:07:24,202 [INFO] PluginManage:196 - Search for loadable plugins [exclusion list=, ]
2025-10-15 12:07:24,203 [INFO] PluginManage:310 - Check plugin analytics
2025-10-15 12:07:24,402 [INFO] AnalyticsPlugin:253 - Accepted Software Licenses: 
2025-10-15 12:07:24,403 [INFO] AnalyticsPlugin:255 - Accepted CMSIS Pack Licenses: 
2025-10-15 12:07:24,403 [INFO] AnalyticsPlugin:257 - Accepted Firmware Licenses: FW.F4.1.28.0
2025-10-15 12:07:24,407 [INFO] PluginManage:359 - Loaded plugin analytics (category:tool,tabindex:-1)
2025-10-15 12:07:24,407 [INFO] PluginManage:310 - Check plugin cadmodel
2025-10-15 12:07:24,411 [INFO] CADModel:105 - Init CAD model plugin
2025-10-15 12:07:24,411 [INFO] PluginManage:359 - Loaded plugin cadmodel (category:power,tabindex:5)
2025-10-15 12:07:24,411 [INFO] PluginManage:310 - Check plugin clock
2025-10-15 12:07:24,420 [INFO] PluginManage:359 - Loaded plugin clock (category:base,tabindex:2)
2025-10-15 12:07:24,420 [INFO] PluginManage:310 - Check plugin ddr
2025-10-15 12:07:24,423 [INFO] PluginManage:359 - Loaded plugin ddr (category:tool,tabindex:6)
2025-10-15 12:07:24,423 [INFO] PluginManage:310 - Check plugin filemanager
2025-10-15 12:07:24,576 [INFO] PluginManage:359 - Loaded plugin filemanager (category:base,tabindex:10)
2025-10-15 12:07:24,576 [INFO] PluginManage:310 - Check plugin ipmanager
2025-10-15 12:07:24,584 [INFO] PluginManage:359 - Loaded plugin ipmanager (category:base,tabindex:5)
2025-10-15 12:07:24,585 [INFO] PluginManage:310 - Check plugin lpbam
2025-10-15 12:07:24,593 [INFO] PluginManage:359 - Loaded plugin lpbam (category:base,tabindex:0)
2025-10-15 12:07:24,593 [INFO] PluginManage:310 - Check plugin memorymap
2025-10-15 12:07:24,603 [INFO] PluginManage:359 - Loaded plugin memorymap (category:base,tabindex:4)
2025-10-15 12:07:24,603 [INFO] PluginManage:310 - Check plugin pinoutandconfiguration
2025-10-15 12:07:24,610 [INFO] PluginManage:359 - Loaded plugin pinoutandconfiguration (category:base,tabindex:1)
2025-10-15 12:07:24,610 [INFO] PluginManage:310 - Check plugin pinoutconfig
2025-10-15 12:07:24,765 [WARN] SupportedApi:132 - Cannot load RTOS API schema: s4s-elt-must-match.1: The content of 'definitions' must match (annotation?, (simpleType | complexType)?, (unique | key | keyref)*)). A problem was found starting at: attribute.
2025-10-15 12:07:24,816 [ERROR] ConfigurationRetriever:142 - IOException on connection: Read timed out
2025-10-15 12:07:24,890 [INFO] PluginManage:359 - Loaded plugin pinoutconfig (category:base,tabindex:0)
2025-10-15 12:07:24,890 [INFO] PluginManage:310 - Check plugin power
2025-10-15 12:07:24,897 [INFO] PluginManage:359 - Loaded plugin power (category:power,tabindex:4)
2025-10-15 12:07:24,897 [INFO] PluginManage:310 - Check plugin projectmanager
2025-10-15 12:07:24,911 [INFO] PluginManage:359 - Loaded plugin projectmanager (category:projectmanager,tabindex:4)
2025-10-15 12:07:24,911 [INFO] PluginManage:310 - Check plugin rif
2025-10-15 12:07:24,920 [INFO] PluginManage:359 - Loaded plugin rif (category:base,tabindex:3)
2025-10-15 12:07:24,920 [INFO] PluginManage:310 - Check plugin thirdparty
2025-10-15 12:07:25,020 [WARN] IntegrityCheckThread:84 - waiting for thirdparty lock release [integrity check]
2025-10-15 12:07:25,020 [INFO] PluginManage:359 - Loaded plugin thirdparty (category:base,tabindex:-1)
2025-10-15 12:07:25,021 [INFO] IntegrityCheckThread:86 - entering critical section [integrity check]
2025-10-15 12:07:25,021 [INFO] PluginManage:310 - Check plugin tools
2025-10-15 12:07:25,021 [INFO] ThirdPartyUpdaterWithRetryManager:70 - Updater plugin not ready yet. [1/15]
2025-10-15 12:07:25,023 [INFO] PluginManage:359 - Loaded plugin tools (category:base,tabindex:7)
2025-10-15 12:07:25,024 [INFO] PluginManage:310 - Check plugin tutovideos
2025-10-15 12:07:25,145 [INFO] PluginManage:359 - Loaded plugin tutovideos (category:base,tabindex:-1)
2025-10-15 12:07:25,145 [INFO] PluginManage:310 - Check plugin updater
2025-10-15 12:07:25,168 [INFO] PluginManage:359 - Loaded plugin updater (category:base,tabindex:12)
2025-10-15 12:07:25,169 [INFO] PluginManage:310 - Check plugin userauth
2025-10-15 12:07:25,173 [INFO] UserAuth:118 - Init User Auth plugin
2025-10-15 12:07:25,174 [INFO] PluginManage:359 - Loaded plugin userauth (category:base,tabindex:14)
2025-10-15 12:07:25,174 [INFO] PluginManage:283 - PluginManage : Loaded plugins [18]
2025-10-15 12:07:25,374 [INFO] PinOutPanel:1589 - setPackage(No Configuration,No Configuration)
2025-10-15 12:07:25,454 [INFO] CADModel:165 - CPN selected for project level
2025-10-15 12:07:25,454 [INFO] CADModel:114 - Register for checkConnection events
2025-10-15 12:07:25,467 [INFO] IPUIPlugin:80 - create IPUIPlugin
2025-10-15 12:07:25,467 [INFO] PluginManager:220 - loadIPPluginJar : add adc
2025-10-15 12:07:25,469 [INFO] IPUIPlugin:80 - create IPUIPlugin
2025-10-15 12:07:25,469 [INFO] PluginManager:220 - loadIPPluginJar : add aes
2025-10-15 12:07:25,471 [INFO] IPUIPlugin:80 - create IPUIPlugin
2025-10-15 12:07:25,471 [INFO] PluginManager:220 - loadIPPluginJar : add can
2025-10-15 12:07:25,473 [INFO] IPUIPlugin:80 - create IPUIPlugin
2025-10-15 12:07:25,473 [INFO] PluginManager:220 - loadIPPluginJar : add comp
2025-10-15 12:07:25,475 [INFO] IPUIPlugin:80 - create IPUIPlugin
2025-10-15 12:07:25,475 [INFO] PluginManager:220 - loadIPPluginJar : add cryp
2025-10-15 12:07:25,477 [INFO] IPUIPlugin:80 - create IPUIPlugin
2025-10-15 12:07:25,478 [INFO] PluginManager:220 - loadIPPluginJar : add ddr_ctrl_phy
2025-10-15 12:07:25,479 [INFO] IPUIPlugin:80 - create IPUIPlugin
2025-10-15 12:07:25,479 [INFO] PluginManager:220 - loadIPPluginJar : add dfsdm
2025-10-15 12:07:25,488 [INFO] IPUIPlugin:80 - create IPUIPlugin
2025-10-15 12:07:25,488 [INFO] PluginManager:220 - loadIPPluginJar : add dma
2025-10-15 12:07:25,490 [INFO] IPUIPlugin:80 - create IPUIPlugin
2025-10-15 12:07:25,490 [INFO] PluginManager:220 - loadIPPluginJar : add dma3
2025-10-15 12:07:25,493 [INFO] IPUIPlugin:80 - create IPUIPlugin
2025-10-15 12:07:25,493 [INFO] PluginManager:220 - loadIPPluginJar : add extmemmanager
2025-10-15 12:07:25,497 [INFO] IPUIPlugin:80 - create IPUIPlugin
2025-10-15 12:07:25,497 [INFO] PluginManager:220 - loadIPPluginJar : add fatfs
2025-10-15 12:07:25,503 [INFO] IPUIPlugin:80 - create IPUIPlugin
2025-10-15 12:07:25,503 [INFO] PluginManager:220 - loadIPPluginJar : add fmc
2025-10-15 12:07:25,515 [INFO] IPUIPlugin:80 - create IPUIPlugin
2025-10-15 12:07:25,516 [INFO] PluginManager:220 - loadIPPluginJar : add freertos
2025-10-15 12:07:25,517 [INFO] IPUIPlugin:80 - create IPUIPlugin
2025-10-15 12:07:25,518 [INFO] PluginManager:220 - loadIPPluginJar : add genericplugin
2025-10-15 12:07:25,519 [INFO] IPUIPlugin:80 - create IPUIPlugin
2025-10-15 12:07:25,520 [INFO] PluginManager:220 - loadIPPluginJar : add gfxmmu
2025-10-15 12:07:25,524 [INFO] IPUIPlugin:80 - create IPUIPlugin
2025-10-15 12:07:25,524 [INFO] PluginManager:220 - loadIPPluginJar : add gic
2025-10-15 12:07:25,527 [INFO] IPUIPlugin:80 - create IPUIPlugin
2025-10-15 12:07:25,528 [INFO] PluginManager:220 - loadIPPluginJar : add gpio
2025-10-15 12:07:25,532 [INFO] IPUIPlugin:80 - create IPUIPlugin
2025-10-15 12:07:25,532 [INFO] PluginManager:220 - loadIPPluginJar : add gtzc
2025-10-15 12:07:25,534 [INFO] IPUIPlugin:80 - create IPUIPlugin
2025-10-15 12:07:25,534 [INFO] PluginManager:220 - loadIPPluginJar : add hash
2025-10-15 12:07:25,537 [INFO] IPUIPlugin:80 - create IPUIPlugin
2025-10-15 12:07:25,537 [INFO] PluginManager:220 - loadIPPluginJar : add i2c
2025-10-15 12:07:25,538 [INFO] IPUIPlugin:80 - create IPUIPlugin
2025-10-15 12:07:25,538 [INFO] PluginManager:220 - loadIPPluginJar : add i2s
2025-10-15 12:07:25,541 [INFO] IPUIPlugin:80 - create IPUIPlugin
2025-10-15 12:07:25,541 [INFO] PluginManager:220 - loadIPPluginJar : add i3c
2025-10-15 12:07:25,543 [INFO] IPUIPlugin:80 - create IPUIPlugin
2025-10-15 12:07:25,543 [INFO] PluginManager:220 - loadIPPluginJar : add ipddr
2025-10-15 12:07:25,548 [INFO] IPUIPlugin:80 - create IPUIPlugin
2025-10-15 12:07:25,548 [INFO] PluginManager:220 - loadIPPluginJar : add linkedlist
2025-10-15 12:07:25,550 [INFO] IPUIPlugin:80 - create IPUIPlugin
2025-10-15 12:07:25,550 [INFO] PluginManager:220 - loadIPPluginJar : add lorawan
2025-10-15 12:07:25,552 [INFO] IPUIPlugin:80 - create IPUIPlugin
2025-10-15 12:07:25,552 [INFO] PluginManager:220 - loadIPPluginJar : add ltdc
2025-10-15 12:07:25,559 [INFO] IPUIPlugin:80 - create IPUIPlugin
2025-10-15 12:07:25,559 [INFO] PluginManager:220 - loadIPPluginJar : add mdma
2025-10-15 12:07:25,563 [INFO] IPUIPlugin:80 - create IPUIPlugin
2025-10-15 12:07:25,563 [INFO] PluginManager:220 - loadIPPluginJar : add nvic
2025-10-15 12:07:25,566 [INFO] IPUIPlugin:80 - create IPUIPlugin
2025-10-15 12:07:25,566 [INFO] PluginManager:220 - loadIPPluginJar : add opamp
2025-10-15 12:07:25,568 [INFO] IPUIPlugin:80 - create IPUIPlugin
2025-10-15 12:07:25,568 [INFO] PluginManager:220 - loadIPPluginJar : add openamp
2025-10-15 12:07:25,570 [INFO] IPUIPlugin:80 - create IPUIPlugin
2025-10-15 12:07:25,570 [INFO] PluginManager:220 - loadIPPluginJar : add pdm2pcm
2025-10-15 12:07:25,575 [INFO] IPUIPlugin:80 - create IPUIPlugin
2025-10-15 12:07:25,577 [INFO] PluginManager:220 - loadIPPluginJar : add plateformsettings
2025-10-15 12:07:25,579 [INFO] IPUIPlugin:80 - create IPUIPlugin
2025-10-15 12:07:25,579 [INFO] PluginManager:220 - loadIPPluginJar : add quadspi
2025-10-15 12:07:25,581 [INFO] IPUIPlugin:80 - create IPUIPlugin
2025-10-15 12:07:25,581 [INFO] PluginManager:220 - loadIPPluginJar : add radio
2025-10-15 12:07:25,583 [INFO] IPUIPlugin:80 - create IPUIPlugin
2025-10-15 12:07:25,583 [INFO] PluginManager:220 - loadIPPluginJar : add resmgrutility
2025-10-15 12:07:25,585 [INFO] IPUIPlugin:80 - create IPUIPlugin
2025-10-15 12:07:25,586 [INFO] PluginManager:220 - loadIPPluginJar : add sai
2025-10-15 12:07:25,587 [INFO] IPUIPlugin:80 - create IPUIPlugin
2025-10-15 12:07:25,587 [INFO] PluginManager:220 - loadIPPluginJar : add spi
2025-10-15 12:07:25,592 [INFO] IPUIPlugin:80 - create IPUIPlugin
2025-10-15 12:07:25,592 [INFO] PluginManager:220 - loadIPPluginJar : add stm32_wpan
2025-10-15 12:07:25,593 [INFO] IPUIPlugin:80 - create IPUIPlugin
2025-10-15 12:07:25,593 [INFO] PluginManager:220 - loadIPPluginJar : add tim
2025-10-15 12:07:25,595 [INFO] IPUIPlugin:80 - create IPUIPlugin
2025-10-15 12:07:25,595 [INFO] PluginManager:220 - loadIPPluginJar : add touchsensing
2025-10-15 12:07:25,597 [INFO] IPUIPlugin:80 - create IPUIPlugin
2025-10-15 12:07:25,597 [INFO] PluginManager:220 - loadIPPluginJar : add tracer_emb
2025-10-15 12:07:25,599 [INFO] IPUIPlugin:80 - create IPUIPlugin
2025-10-15 12:07:25,599 [INFO] PluginManager:220 - loadIPPluginJar : add ts
2025-10-15 12:07:25,600 [INFO] IPUIPlugin:80 - create IPUIPlugin
2025-10-15 12:07:25,600 [INFO] PluginManager:220 - loadIPPluginJar : add tsc
2025-10-15 12:07:25,602 [INFO] IPUIPlugin:80 - create IPUIPlugin
2025-10-15 12:07:25,602 [INFO] PluginManager:220 - loadIPPluginJar : add ucpd
2025-10-15 12:07:25,604 [INFO] IPUIPlugin:80 - create IPUIPlugin
2025-10-15 12:07:25,604 [INFO] PluginManager:220 - loadIPPluginJar : add usart
2025-10-15 12:07:25,607 [INFO] IPUIPlugin:80 - create IPUIPlugin
2025-10-15 12:07:25,607 [INFO] PluginManager:220 - loadIPPluginJar : add usbx
2025-10-15 12:07:25,753 [FATAL] Updater:351 - Updater called before beeing initialized
2025-10-15 12:07:25,775 [INFO] RulesReader:64 - Compatibility file has been processed (317 Rules)
2025-10-15 12:07:25,785 [INFO] RulesReader:64 - Compatibility file has been processed (317 Rules)
2025-10-15 12:07:25,802 [INFO] CADModel:165 - CPN selected for project level
2025-10-15 12:07:25,802 [INFO] CADModel:114 - Register for checkConnection events
2025-10-15 12:07:25,802 [FATAL] Updater:351 - Updater called before beeing initialized
2025-10-15 12:07:25,802 [ERROR] CADModel:125 - Updater not yet initialized, retry later 
2025-10-15 12:07:25,960 [FATAL] Updater:351 - Updater called before beeing initialized
2025-10-15 12:07:25,962 [INFO] CADModel:165 - CPN selected for project level
2025-10-15 12:07:25,962 [INFO] CADModel:114 - Register for checkConnection events
2025-10-15 12:07:25,962 [FATAL] Updater:351 - Updater called before beeing initialized
2025-10-15 12:07:25,962 [ERROR] CADModel:125 - Updater not yet initialized, retry later 
2025-10-15 12:07:25,965 [FATAL] Updater:351 - Updater called before beeing initialized
2025-10-15 12:07:26,057 [FATAL] Updater:351 - Updater called before beeing initialized
2025-10-15 12:07:26,061 [INFO] DbMcusAds:53 - JSON generation date=Thu Sep 30 09:55:09 MSK 2021 (1632984909247)
2025-10-15 12:07:26,061 [FATAL] Updater:351 - Updater called before beeing initialized
2025-10-15 12:07:26,089 [WARN] DetailPanel:346 - Failed to get advertising image, set to default
2025-10-15 12:07:26,158 [FATAL] Updater:351 - Updater called before beeing initialized
2025-10-15 12:07:26,159 [FATAL] Updater:351 - Updater called before beeing initialized
2025-10-15 12:07:26,159 [FATAL] Updater:351 - Updater called before beeing initialized
2025-10-15 12:07:26,159 [WARN] DetailPanel:346 - Failed to get advertising image, set to default
2025-10-15 12:07:26,160 [FATAL] Updater:351 - Updater called before beeing initialized
2025-10-15 12:07:26,203 [ERROR] Updater:1198 - MainUpdater not yet initialized. External WinMGr cannot be set.
2025-10-15 12:07:26,204 [INFO] Updater:1134 - Updater Version found : 6.15.0
2025-10-15 12:07:26,216 [INFO] ApplicationProperties:184 - Using Application install path: C:\Program Files\STM32CubeIDE_1.19.0\STM32CubeIDE\plugins\com.st.stm32cube.common.mx_6.15.0.202507011659
2025-10-15 12:07:26,819 [ERROR] ConfigurationRetriever:142 - IOException on connection: Connect timed out
2025-10-15 12:07:27,785 [ERROR] LogOutputStream:75 - [STDERR_REDIRECT] Oct 15, 2025 12:07:27 PM java.util.prefs.WindowsPreferences <init>
2025-10-15 12:07:27,787 [ERROR] LogOutputStream:75 - [STDERR_REDIRECT] WARNING: Could not open/create prefs root node Software\JavaSoft\Prefs at root 0xffffffff80000002. Windows RegCreateKeyEx(...) returned error code 5.
2025-10-15 12:07:27,787 [ERROR] LogOutputStream:75 - [STDERR_REDIRECT] 
2025-10-15 12:07:28,022 [INFO] ThirdPartyUpdaterWithRetryManager:70 - Updater plugin not ready yet. [2/15]
2025-10-15 12:07:28,820 [ERROR] ConfigurationRetriever:142 - IOException on connection: Connect timed out
2025-10-15 12:07:29,411 [ERROR] ConfigurationRetriever:142 - IOException on connection: Connect timed out
2025-10-15 12:07:31,023 [FATAL] Updater:351 - Updater called before beeing initialized
2025-10-15 12:07:31,024 [ERROR] IntegrityCheckThread:130 - Cannot retrieve database content from updater: error 21
2025-10-15 12:07:31,026 [INFO] ThirdParty:978 - Integrity check success = false
2025-10-15 12:07:31,026 [INFO] IntegrityCheckThread:100 - exiting critical section [integrity check]
2025-10-15 12:07:31,026 [INFO] IntegrityCheckThread:103 - End integrity checks thread
2025-10-15 12:07:32,172 [WARN] CheckConnectionManager:291 - Warning during Server Connection :  timeout Connect to sw-center.st.com:443 [sw-center.st.com/87.245.198.176, sw-center.st.com/87.245.198.194] failed: Connect timed out
2025-10-15 12:07:34,414 [ERROR] ConfigurationRetriever:142 - IOException on connection: Connect timed out
2025-10-15 12:07:36,180 [WARN] CheckConnectionManager:291 - Warning during Server Connection :  timeout Connect to sw-center.st.com:443 [sw-center.st.com/87.245.198.176, sw-center.st.com/87.245.198.194] failed: Connect timed out
2025-10-15 12:07:36,187 [INFO] MainUpdater:2872 - connection check result : 22
2025-10-15 12:07:36,189 [INFO] MainUpdater:289 - Updater Check For Update Now.
2025-10-15 12:07:36,189 [INFO] MicroXplorer:498 - Change Database Version : DB.6.0.150
2025-10-15 12:07:36,194 [INFO] McuFinderGlobals:63 - Set McuFinder mode to 2 (CubeIDE integrated)
2025-10-15 12:07:36,196 [INFO] UserAuth:171 - activating auth plugin
2025-10-15 12:07:36,201 [INFO] UserAuth:487 - Internet connection configuration mode: 2
2025-10-15 12:07:36,233 [INFO] UserAuth:487 - Internet connection configuration mode: 2
2025-10-15 12:07:36,448 [INFO] CheckServerUpdateThread:120 - End of CheckServer Thread
2025-10-15 12:07:36,749 [ERROR] LogOutputStream:75 - [STDERR_REDIRECT] [Fatal Error] :1:1: Premature end of file.
2025-10-15 12:07:36,751 [ERROR] LogOutputStream:75 - [STDERR_REDIRECT] 
2025-10-15 12:07:37,412 [ERROR] LogOutputStream:75 - [STDERR_REDIRECT] [Fatal Error] :1:1: Premature end of file.
2025-10-15 12:07:37,412 [ERROR] LogOutputStream:75 - [STDERR_REDIRECT] 
2025-10-15 12:07:38,418 [ERROR] LogOutputStream:75 - [STDERR_REDIRECT] [Fatal Error] :1:1: Premature end of file.
2025-10-15 12:07:38,419 [ERROR] LogOutputStream:75 - [STDERR_REDIRECT] 
2025-10-15 12:07:39,417 [ERROR] LogOutputStream:75 - [STDERR_REDIRECT] [Fatal Error] :1:1: Premature end of file.
2025-10-15 12:07:39,417 [ERROR] LogOutputStream:75 - [STDERR_REDIRECT] 
2025-10-15 12:07:40,412 [ERROR] LogOutputStream:75 - [STDERR_REDIRECT] [Fatal Error] :1:1: Premature end of file.
2025-10-15 12:07:40,414 [ERROR] LogOutputStream:75 - [STDERR_REDIRECT] 
2025-10-15 12:07:41,421 [ERROR] LogOutputStream:75 - [STDERR_REDIRECT] [Fatal Error] :1:1: Premature end of file.
2025-10-15 12:07:41,421 [ERROR] LogOutputStream:75 - [STDERR_REDIRECT] 
2025-10-15 12:07:42,428 [ERROR] LogOutputStream:75 - [STDERR_REDIRECT] [Fatal Error] :1:1: Premature end of file.
2025-10-15 12:07:42,430 [ERROR] LogOutputStream:75 - [STDERR_REDIRECT] 
2025-10-15 12:07:43,399 [ERROR] LogOutputStream:75 - [STDERR_REDIRECT] [Fatal Error] :1:1: Premature end of file.
2025-10-15 12:07:43,399 [ERROR] LogOutputStream:75 - [STDERR_REDIRECT] 
2025-10-15 12:07:44,413 [ERROR] LogOutputStream:75 - [STDERR_REDIRECT] [Fatal Error] :1:1: Premature end of file.
2025-10-15 12:07:44,413 [ERROR] LogOutputStream:75 - [STDERR_REDIRECT] 
2025-10-15 12:07:45,401 [ERROR] LogOutputStream:75 - [STDERR_REDIRECT] [Fatal Error] :1:1: Premature end of file.
2025-10-15 12:07:45,401 [ERROR] LogOutputStream:75 - [STDERR_REDIRECT] 
2025-10-15 12:07:46,422 [ERROR] LogOutputStream:75 - [STDERR_REDIRECT] [Fatal Error] :1:1: Premature end of file.
2025-10-15 12:07:46,422 [ERROR] LogOutputStream:75 - [STDERR_REDIRECT] 
2025-10-15 12:07:47,416 [ERROR] LogOutputStream:75 - [STDERR_REDIRECT] [Fatal Error] :1:1: Premature end of file.
2025-10-15 12:07:47,417 [ERROR] LogOutputStream:75 - [STDERR_REDIRECT] 
2025-10-15 12:07:48,401 [ERROR] LogOutputStream:75 - [STDERR_REDIRECT] [Fatal Error] :1:1: Premature end of file.
2025-10-15 12:07:48,401 [ERROR] LogOutputStream:75 - [STDERR_REDIRECT] 
2025-10-15 12:07:49,406 [ERROR] LogOutputStream:75 - [STDERR_REDIRECT] [Fatal Error] :1:1: Premature end of file.
2025-10-15 12:07:49,406 [ERROR] LogOutputStream:75 - [STDERR_REDIRECT] 
2025-10-15 12:07:50,415 [ERROR] LogOutputStream:75 - [STDERR_REDIRECT] [Fatal Error] :1:1: Premature end of file.
2025-10-15 12:07:50,417 [ERROR] LogOutputStream:75 - [STDERR_REDIRECT] 
2025-10-15 12:07:51,419 [ERROR] LogOutputStream:75 - [STDERR_REDIRECT] [Fatal Error] :1:1: Premature end of file.
2025-10-15 12:07:51,419 [ERROR] LogOutputStream:75 - [STDERR_REDIRECT] 
2025-10-15 12:07:52,402 [ERROR] LogOutputStream:75 - [STDERR_REDIRECT] [Fatal Error] :1:1: Premature end of file.
2025-10-15 12:07:52,403 [ERROR] LogOutputStream:75 - [STDERR_REDIRECT] 
2025-10-15 12:07:53,421 [ERROR] LogOutputStream:75 - [STDERR_REDIRECT] [Fatal Error] :1:1: Premature end of file.
2025-10-15 12:07:53,421 [ERROR] LogOutputStream:75 - [STDERR_REDIRECT] 
2025-10-15 12:07:54,420 [ERROR] LogOutputStream:75 - [STDERR_REDIRECT] [Fatal Error] :1:1: Premature end of file.
2025-10-15 12:07:54,421 [ERROR] LogOutputStream:75 - [STDERR_REDIRECT] 
2025-10-15 12:07:55,408 [ERROR] LogOutputStream:75 - [STDERR_REDIRECT] [Fatal Error] :1:1: Premature end of file.
2025-10-15 12:07:55,409 [ERROR] LogOutputStream:75 - [STDERR_REDIRECT] 
2025-10-15 12:07:56,422 [ERROR] LogOutputStream:75 - [STDERR_REDIRECT] [Fatal Error] :1:1: Premature end of file.
2025-10-15 12:07:56,423 [ERROR] LogOutputStream:75 - [STDERR_REDIRECT] 
2025-10-15 12:07:57,404 [ERROR] LogOutputStream:75 - [STDERR_REDIRECT] [Fatal Error] :1:1: Premature end of file.
2025-10-15 12:07:57,404 [ERROR] LogOutputStream:75 - [STDERR_REDIRECT] 
2025-10-15 12:07:58,404 [ERROR] LogOutputStream:75 - [STDERR_REDIRECT] [Fatal Error] :1:1: Premature end of file.
2025-10-15 12:07:58,404 [ERROR] LogOutputStream:75 - [STDERR_REDIRECT] 
2025-10-15 12:07:59,423 [ERROR] LogOutputStream:75 - [STDERR_REDIRECT] [Fatal Error] :1:1: Premature end of file.
2025-10-15 12:07:59,423 [ERROR] LogOutputStream:75 - [STDERR_REDIRECT] 
2025-10-15 12:08:00,425 [ERROR] LogOutputStream:75 - [STDERR_REDIRECT] [Fatal Error] :1:1: Premature end of file.
2025-10-15 12:08:00,425 [ERROR] LogOutputStream:75 - [STDERR_REDIRECT] 
2025-10-15 12:08:01,418 [ERROR] LogOutputStream:75 - [STDERR_REDIRECT] [Fatal Error] :1:1: Premature end of file.
2025-10-15 12:08:01,418 [ERROR] LogOutputStream:75 - [STDERR_REDIRECT] 
2025-10-15 12:08:02,418 [ERROR] LogOutputStream:75 - [STDERR_REDIRECT] [Fatal Error] :1:1: Premature end of file.
2025-10-15 12:08:02,419 [ERROR] LogOutputStream:75 - [STDERR_REDIRECT] 
2025-10-15 12:08:03,398 [ERROR] LogOutputStream:75 - [STDERR_REDIRECT] [Fatal Error] :1:1: Premature end of file.
2025-10-15 12:08:03,398 [ERROR] LogOutputStream:75 - [STDERR_REDIRECT] 
2025-10-15 12:08:04,416 [ERROR] LogOutputStream:75 - [STDERR_REDIRECT] [Fatal Error] :1:1: Premature end of file.
2025-10-15 12:08:04,416 [ERROR] LogOutputStream:75 - [STDERR_REDIRECT] 
2025-10-15 12:08:05,419 [ERROR] LogOutputStream:75 - [STDERR_REDIRECT] [Fatal Error] :1:1: Premature end of file.
2025-10-15 12:08:05,421 [ERROR] LogOutputStream:75 - [STDERR_REDIRECT] 
2025-10-15 12:08:06,412 [ERROR] LogOutputStream:75 - [STDERR_REDIRECT] [Fatal Error] :1:1: Premature end of file.
2025-10-15 12:08:06,413 [ERROR] LogOutputStream:75 - [STDERR_REDIRECT] 
2025-10-15 12:08:07,424 [ERROR] LogOutputStream:75 - [STDERR_REDIRECT] [Fatal Error] :1:1: Premature end of file.
2025-10-15 12:08:07,424 [ERROR] LogOutputStream:75 - [STDERR_REDIRECT] 
2025-10-15 12:08:08,418 [ERROR] LogOutputStream:75 - [STDERR_REDIRECT] [Fatal Error] :1:1: Premature end of file.
2025-10-15 12:08:08,418 [ERROR] LogOutputStream:75 - [STDERR_REDIRECT] 
2025-10-15 12:08:09,416 [ERROR] LogOutputStream:75 - [STDERR_REDIRECT] [Fatal Error] :1:1: Premature end of file.
2025-10-15 12:08:09,416 [ERROR] LogOutputStream:75 - [STDERR_REDIRECT] 
2025-10-15 12:08:10,422 [ERROR] LogOutputStream:75 - [STDERR_REDIRECT] [Fatal Error] :1:1: Premature end of file.
2025-10-15 12:08:10,424 [ERROR] LogOutputStream:75 - [STDERR_REDIRECT] 
2025-10-15 12:08:11,433 [ERROR] LogOutputStream:75 - [STDERR_REDIRECT] [Fatal Error] :1:1: Premature end of file.
2025-10-15 12:08:11,433 [ERROR] LogOutputStream:75 - [STDERR_REDIRECT] 
2025-10-15 12:08:12,420 [ERROR] LogOutputStream:75 - [STDERR_REDIRECT] [Fatal Error] :1:1: Premature end of file.
2025-10-15 12:08:12,420 [ERROR] LogOutputStream:75 - [STDERR_REDIRECT] 
2025-10-15 12:08:13,403 [ERROR] LogOutputStream:75 - [STDERR_REDIRECT] [Fatal Error] :1:1: Premature end of file.
2025-10-15 12:08:13,403 [ERROR] LogOutputStream:75 - [STDERR_REDIRECT] 
2025-10-15 12:08:14,396 [ERROR] LogOutputStream:75 - [STDERR_REDIRECT] [Fatal Error] :1:1: Premature end of file.
2025-10-15 12:08:14,396 [ERROR] LogOutputStream:75 - [STDERR_REDIRECT] 
2025-10-15 12:08:15,419 [ERROR] LogOutputStream:75 - [STDERR_REDIRECT] [Fatal Error] :1:1: Premature end of file.
2025-10-15 12:08:15,419 [ERROR] LogOutputStream:75 - [STDERR_REDIRECT] 
2025-10-15 12:08:16,419 [ERROR] LogOutputStream:75 - [STDERR_REDIRECT] [Fatal Error] :1:1: Premature end of file.
2025-10-15 12:08:16,419 [ERROR] LogOutputStream:75 - [STDERR_REDIRECT] 
2025-10-15 12:08:17,415 [ERROR] LogOutputStream:75 - [STDERR_REDIRECT] [Fatal Error] :1:1: Premature end of file.
2025-10-15 12:08:17,415 [ERROR] LogOutputStream:75 - [STDERR_REDIRECT] 
2025-10-15 12:08:18,399 [ERROR] LogOutputStream:75 - [STDERR_REDIRECT] [Fatal Error] :1:1: Premature end of file.
2025-10-15 12:08:18,401 [ERROR] LogOutputStream:75 - [STDERR_REDIRECT] 
2025-10-15 12:08:19,408 [ERROR] LogOutputStream:75 - [STDERR_REDIRECT] [Fatal Error] :1:1: Premature end of file.
2025-10-15 12:08:19,409 [ERROR] LogOutputStream:75 - [STDERR_REDIRECT] 
2025-10-15 12:08:20,423 [ERROR] LogOutputStream:75 - [STDERR_REDIRECT] [Fatal Error] :1:1: Premature end of file.
2025-10-15 12:08:20,423 [ERROR] LogOutputStream:75 - [STDERR_REDIRECT] 
2025-10-15 12:08:21,418 [ERROR] LogOutputStream:75 - [STDERR_REDIRECT] [Fatal Error] :1:1: Premature end of file.
2025-10-15 12:08:21,418 [ERROR] LogOutputStream:75 - [STDERR_REDIRECT] 
2025-10-15 12:08:22,422 [ERROR] LogOutputStream:75 - [STDERR_REDIRECT] [Fatal Error] :1:1: Premature end of file.
2025-10-15 12:08:22,423 [ERROR] LogOutputStream:75 - [STDERR_REDIRECT] 
2025-10-15 12:08:23,418 [ERROR] LogOutputStream:75 - [STDERR_REDIRECT] [Fatal Error] :1:1: Premature end of file.
2025-10-15 12:08:23,418 [ERROR] LogOutputStream:75 - [STDERR_REDIRECT] 
2025-10-15 12:08:24,420 [ERROR] LogOutputStream:75 - [STDERR_REDIRECT] [Fatal Error] :1:1: Premature end of file.
2025-10-15 12:08:24,420 [ERROR] LogOutputStream:75 - [STDERR_REDIRECT] 
2025-10-15 12:08:25,423 [ERROR] LogOutputStream:75 - [STDERR_REDIRECT] [Fatal Error] :1:1: Premature end of file.
2025-10-15 12:08:25,423 [ERROR] LogOutputStream:75 - [STDERR_REDIRECT] 
2025-10-15 12:08:26,403 [ERROR] LogOutputStream:75 - [STDERR_REDIRECT] [Fatal Error] :1:1: Premature end of file.
2025-10-15 12:08:26,403 [ERROR] LogOutputStream:75 - [STDERR_REDIRECT] 
2025-10-15 12:08:27,423 [ERROR] LogOutputStream:75 - [STDERR_REDIRECT] [Fatal Error] :1:1: Premature end of file.
2025-10-15 12:08:27,423 [ERROR] LogOutputStream:75 - [STDERR_REDIRECT] 
2025-10-15 12:08:28,425 [ERROR] LogOutputStream:75 - [STDERR_REDIRECT] [Fatal Error] :1:1: Premature end of file.
2025-10-15 12:08:28,425 [ERROR] LogOutputStream:75 - [STDERR_REDIRECT] 
2025-10-15 12:08:29,421 [ERROR] LogOutputStream:75 - [STDERR_REDIRECT] [Fatal Error] :1:1: Premature end of file.
2025-10-15 12:08:29,422 [ERROR] LogOutputStream:75 - [STDERR_REDIRECT] 
2025-10-15 12:08:30,425 [ERROR] LogOutputStream:75 - [STDERR_REDIRECT] [Fatal Error] :1:1: Premature end of file.
2025-10-15 12:08:30,427 [ERROR] LogOutputStream:75 - [STDERR_REDIRECT] 
2025-10-15 12:08:31,417 [ERROR] LogOutputStream:75 - [STDERR_REDIRECT] [Fatal Error] :1:1: Premature end of file.
2025-10-15 12:08:31,418 [ERROR] LogOutputStream:75 - [STDERR_REDIRECT] 
2025-10-15 12:08:32,417 [ERROR] LogOutputStream:75 - [STDERR_REDIRECT] [Fatal Error] :1:1: Premature end of file.
2025-10-15 12:08:32,417 [ERROR] LogOutputStream:75 - [STDERR_REDIRECT] 
2025-10-15 12:08:33,427 [ERROR] LogOutputStream:75 - [STDERR_REDIRECT] [Fatal Error] :1:1: Premature end of file.
2025-10-15 12:08:33,427 [ERROR] LogOutputStream:75 - [STDERR_REDIRECT] 
2025-10-15 12:08:34,415 [ERROR] LogOutputStream:75 - [STDERR_REDIRECT] [Fatal Error] :1:1: Premature end of file.
2025-10-15 12:08:34,415 [ERROR] LogOutputStream:75 - [STDERR_REDIRECT] 
2025-10-15 12:08:35,421 [ERROR] LogOutputStream:75 - [STDERR_REDIRECT] [Fatal Error] :1:1: Premature end of file.
2025-10-15 12:08:35,422 [ERROR] LogOutputStream:75 - [STDERR_REDIRECT] 
2025-10-15 12:08:36,427 [ERROR] LogOutputStream:75 - [STDERR_REDIRECT] [Fatal Error] :1:1: Premature end of file.
2025-10-15 12:08:36,427 [ERROR] LogOutputStream:75 - [STDERR_REDIRECT] 
2025-10-15 12:08:37,420 [ERROR] LogOutputStream:75 - [STDERR_REDIRECT] [Fatal Error] :1:1: Premature end of file.
2025-10-15 12:08:37,420 [ERROR] LogOutputStream:75 - [STDERR_REDIRECT] 
2025-10-15 12:08:38,409 [ERROR] LogOutputStream:75 - [STDERR_REDIRECT] [Fatal Error] :1:1: Premature end of file.
2025-10-15 12:08:38,409 [ERROR] LogOutputStream:75 - [STDERR_REDIRECT] 
2025-10-15 12:08:39,415 [ERROR] LogOutputStream:75 - [STDERR_REDIRECT] [Fatal Error] :1:1: Premature end of file.
2025-10-15 12:08:39,417 [ERROR] LogOutputStream:75 - [STDERR_REDIRECT] 
2025-10-15 12:08:40,421 [ERROR] LogOutputStream:75 - [STDERR_REDIRECT] [Fatal Error] :1:1: Premature end of file.
2025-10-15 12:08:40,421 [ERROR] LogOutputStream:75 - [STDERR_REDIRECT] 
2025-10-15 12:08:41,416 [ERROR] LogOutputStream:75 - [STDERR_REDIRECT] [Fatal Error] :1:1: Premature end of file.
2025-10-15 12:08:41,417 [ERROR] LogOutputStream:75 - [STDERR_REDIRECT] 
2025-10-15 12:08:42,407 [ERROR] LogOutputStream:75 - [STDERR_REDIRECT] [Fatal Error] :1:1: Premature end of file.
2025-10-15 12:08:42,408 [ERROR] LogOutputStream:75 - [STDERR_REDIRECT] 
2025-10-15 12:08:43,421 [ERROR] LogOutputStream:75 - [STDERR_REDIRECT] [Fatal Error] :1:1: Premature end of file.
2025-10-15 12:08:43,421 [ERROR] LogOutputStream:75 - [STDERR_REDIRECT] 
2025-10-15 12:08:44,423 [ERROR] LogOutputStream:75 - [STDERR_REDIRECT] [Fatal Error] :1:1: Premature end of file.
2025-10-15 12:08:44,424 [ERROR] LogOutputStream:75 - [STDERR_REDIRECT] 
2025-10-15 12:08:45,423 [ERROR] LogOutputStream:75 - [STDERR_REDIRECT] [Fatal Error] :1:1: Premature end of file.
2025-10-15 12:08:45,424 [ERROR] LogOutputStream:75 - [STDERR_REDIRECT] 
2025-10-15 12:08:46,417 [ERROR] LogOutputStream:75 - [STDERR_REDIRECT] [Fatal Error] :1:1: Premature end of file.
2025-10-15 12:08:46,417 [ERROR] LogOutputStream:75 - [STDERR_REDIRECT] 
2025-10-15 12:08:47,429 [ERROR] LogOutputStream:75 - [STDERR_REDIRECT] [Fatal Error] :1:1: Premature end of file.
2025-10-15 12:08:47,430 [ERROR] LogOutputStream:75 - [STDERR_REDIRECT] 
2025-10-15 12:08:48,408 [ERROR] LogOutputStream:75 - [STDERR_REDIRECT] [Fatal Error] :1:1: Premature end of file.
2025-10-15 12:08:48,409 [ERROR] LogOutputStream:75 - [STDERR_REDIRECT] 
2025-10-15 12:08:49,416 [ERROR] LogOutputStream:75 - [STDERR_REDIRECT] [Fatal Error] :1:1: Premature end of file.
2025-10-15 12:08:49,417 [ERROR] LogOutputStream:75 - [STDERR_REDIRECT] 
2025-10-15 12:08:50,405 [ERROR] LogOutputStream:75 - [STDERR_REDIRECT] [Fatal Error] :1:1: Premature end of file.
2025-10-15 12:08:50,405 [ERROR] LogOutputStream:75 - [STDERR_REDIRECT] 
2025-10-15 12:08:51,411 [ERROR] LogOutputStream:75 - [STDERR_REDIRECT] [Fatal Error] :1:1: Premature end of file.
2025-10-15 12:08:51,412 [ERROR] LogOutputStream:75 - [STDERR_REDIRECT] 
2025-10-15 12:08:52,424 [ERROR] LogOutputStream:75 - [STDERR_REDIRECT] [Fatal Error] :1:1: Premature end of file.
2025-10-15 12:08:52,424 [ERROR] LogOutputStream:75 - [STDERR_REDIRECT] 
2025-10-15 12:08:53,420 [ERROR] LogOutputStream:75 - [STDERR_REDIRECT] [Fatal Error] :1:1: Premature end of file.
2025-10-15 12:08:53,420 [ERROR] LogOutputStream:75 - [STDERR_REDIRECT] 
2025-10-15 12:08:54,420 [ERROR] LogOutputStream:75 - [STDERR_REDIRECT] [Fatal Error] :1:1: Premature end of file.
2025-10-15 12:08:54,420 [ERROR] LogOutputStream:75 - [STDERR_REDIRECT] 
2025-10-15 12:08:55,395 [ERROR] LogOutputStream:75 - [STDERR_REDIRECT] [Fatal Error] :1:1: Premature end of file.
2025-10-15 12:08:55,395 [ERROR] LogOutputStream:75 - [STDERR_REDIRECT] 
2025-10-15 12:08:56,427 [ERROR] LogOutputStream:75 - [STDERR_REDIRECT] [Fatal Error] :1:1: Premature end of file.
2025-10-15 12:08:56,427 [ERROR] LogOutputStream:75 - [STDERR_REDIRECT] 
2025-10-15 12:08:57,419 [ERROR] LogOutputStream:75 - [STDERR_REDIRECT] [Fatal Error] :1:1: Premature end of file.
2025-10-15 12:08:57,419 [ERROR] LogOutputStream:75 - [STDERR_REDIRECT] 
2025-10-15 12:08:58,410 [ERROR] LogOutputStream:75 - [STDERR_REDIRECT] [Fatal Error] :1:1: Premature end of file.
2025-10-15 12:08:58,410 [ERROR] LogOutputStream:75 - [STDERR_REDIRECT] 
2025-10-15 12:08:59,430 [ERROR] LogOutputStream:75 - [STDERR_REDIRECT] [Fatal Error] :1:1: Premature end of file.
2025-10-15 12:08:59,430 [ERROR] LogOutputStream:75 - [STDERR_REDIRECT] 
2025-10-15 12:09:00,421 [ERROR] LogOutputStream:75 - [STDERR_REDIRECT] [Fatal Error] :1:1: Premature end of file.
2025-10-15 12:09:00,421 [ERROR] LogOutputStream:75 - [STDERR_REDIRECT] 
2025-10-15 12:09:01,410 [ERROR] LogOutputStream:75 - [STDERR_REDIRECT] [Fatal Error] :1:1: Premature end of file.
2025-10-15 12:09:01,410 [ERROR] LogOutputStream:75 - [STDERR_REDIRECT] 
2025-10-15 12:09:02,414 [ERROR] LogOutputStream:75 - [STDERR_REDIRECT] [Fatal Error] :1:1: Premature end of file.
2025-10-15 12:09:02,415 [ERROR] LogOutputStream:75 - [STDERR_REDIRECT] 
2025-10-15 12:09:03,402 [ERROR] LogOutputStream:75 - [STDERR_REDIRECT] [Fatal Error] :1:1: Premature end of file.
2025-10-15 12:09:03,402 [ERROR] LogOutputStream:75 - [STDERR_REDIRECT] 
2025-10-15 12:09:04,410 [ERROR] LogOutputStream:75 - [STDERR_REDIRECT] [Fatal Error] :1:1: Premature end of file.
2025-10-15 12:09:04,410 [ERROR] LogOutputStream:75 - [STDERR_REDIRECT] 
2025-10-15 12:09:04,848 [ERROR] LogOutputStream:75 - [STDERR_REDIRECT] 
